<?xml version="1.0" encoding="UTF-8"?>
<!-- Generated by org.testng.reporters.JUnitReportReporter -->
<testsuite hostname="lon-7390-182" failures="0" tests="2" name="test.TestngExtendtreports1" time="5.749" errors="0" timestamp="2021-07-27T21:00:15 BST" skipped="0">
  <testcase classname="test.TestngExtendtreports1" name="Test2" time="0.006"/>
  <system-out/>
  <testcase classname="test.TestngExtendtreports1" name="Test1" time="5.743"/>
  <system-out/>
</testsuite> <!-- test.TestngExtendtreports1 -->
