<?xml version="1.0" encoding="UTF-8"?>
<!-- Generated by org.testng.reporters.JUnitReportReporter -->
<testsuite hostname="lon-7390-182" failures="0" tests="1" name="test.LoginTest2" time="8.196" errors="0" timestamp="11 Jul 2021 17:02:56 GMT" skipped="0">
  <testcase classname="test.LoginTest2" name="LoginTest3" time="8.196"/>
</testsuite> <!-- test.LoginTest2 -->
