<?xml version="1.0" encoding="UTF-8"?>
<!-- Generated by org.testng.reporters.JUnitReportReporter -->
<testsuite hostname="lon-7390-182" failures="0" tests="6" name="retry.TestNGRetry" time="0.019" errors="0" timestamp="2021-07-27T22:27:17 BST" skipped="3">
  <testcase classname="retry.TestNGRetry" name="test2" time="0.001">
    <skipped/>
  </testcase> <!-- test2 -->
  <system-out/>
  <testcase classname="retry.TestNGRetry" name="test1" time="0.012"/>
  <system-out/>
  <testcase classname="retry.TestNGRetry" name="test3" time="0.001"/>
  <system-out/>
  <testcase classname="retry.TestNGRetry" name="test2" time="0.003">
    <skipped/>
  </testcase> <!-- test2 -->
  <system-out/>
  <testcase classname="retry.TestNGRetry" name="test3" time="0.001">
    <skipped/>
  </testcase> <!-- test3 -->
  <system-out/>
  <testcase classname="retry.TestNGRetry" name="test2" time="0.001"/>
  <system-out/>
</testsuite> <!-- retry.TestNGRetry -->
