<?xml version="1.0" encoding="UTF-8"?>
<!-- Generated by org.testng.reporters.JUnitReportReporter -->
<testsuite hostname="lon-7390-182" failures="0" tests="1" name="test.TestngExtendtreports" time="5.620" errors="0" timestamp="11 Jul 2021 16:56:17 GMT" skipped="0">
  <testcase classname="test.TestngExtendtreports" name="test1" time="5.620"/>
</testsuite> <!-- test.TestngExtendtreports -->
