<?xml version="1.0" encoding="UTF-8"?>
<!-- Generated by org.testng.reporters.JUnitReportReporter -->
<testsuite hostname="lon-7390-182" failures="0" tests="2" name="test.TestngExtendtreports2" time="5.919" errors="0" timestamp="2021-07-27T21:00:15 BST" skipped="0">
  <testcase classname="test.TestngExtendtreports2" name="Test1" time="5.917"/>
  <system-out/>
  <testcase classname="test.TestngExtendtreports2" name="Test2" time="0.002"/>
  <system-out/>
</testsuite> <!-- test.TestngExtendtreports2 -->
