<?xml version="1.0" encoding="UTF-8"?>
<!-- Generated by org.testng.reporters.JUnitReportReporter -->
<testsuite hostname="lon-7390-182" failures="0" tests="1" name="testListeners.TestngExtendtreports2" time="5.708" errors="0" timestamp="24 Jul 2021 21:19:55 GMT" skipped="0">
  <testcase classname="testListeners.TestngExtendtreports2" name="OpenBrowserFrom2" time="5.708"/>
</testsuite> <!-- testListeners.TestngExtendtreports2 -->
