<?xml version="1.0" encoding="UTF-8"?>
<!-- Generated by org.testng.reporters.JUnitReportReporter -->
<testsuite hostname="lon-7390-182" failures="0" tests="3" name="multiBrowserSetupTest.MultiBrowserSetup" time="3.216" errors="0" timestamp="26 Jul 2021 21:00:54 GMT" skipped="0">
  <testcase classname="multiBrowserSetupTest.MultiBrowserSetup" name="Test1" time="1.536"/>
  <testcase classname="multiBrowserSetupTest.MultiBrowserSetup" name="Test1" time="1.099"/>
  <testcase classname="multiBrowserSetupTest.MultiBrowserSetup" name="Test1" time="0.581"/>
</testsuite> <!-- multiBrowserSetupTest.MultiBrowserSetup -->
